{
  "/Users/georgesomerville/dev/code-tests/n-back-challange/n-back-challange/server/api.ts": {
    "path": "/Users/georgesomerville/dev/code-tests/n-back-challange/n-back-challange/server/api.ts",
    "all": true,
    "statementMap": {
      "0": {
        "start": { "line": 1, "column": 0 },
        "end": { "line": 1, "column": 66 }
      },
      "1": {
        "start": { "line": 2, "column": 0 },
        "end": { "line": 2, "column": 7 }
      },
      "3": {
        "start": { "line": 4, "column": 0 },
        "end": { "line": 4, "column": 48 }
      },
      "4": {
        "start": { "line": 5, "column": 0 },
        "end": { "line": 5, "column": 21 }
      },
      "5": {
        "start": { "line": 6, "column": 0 },
        "end": { "line": 6, "column": 16 }
      },
      "6": {
        "start": { "line": 7, "column": 0 },
        "end": { "line": 7, "column": 43 }
      },
      "7": {
        "start": { "line": 8, "column": 0 },
        "end": { "line": 8, "column": 8 }
      },
      "8": {
        "start": { "line": 9, "column": 0 },
        "end": { "line": 9, "column": 44 }
      },
      "9": {
        "start": { "line": 10, "column": 0 },
        "end": { "line": 10, "column": 7 }
      },
      "11": {
        "start": { "line": 12, "column": 0 },
        "end": { "line": 12, "column": 23 }
      },
      "12": {
        "start": { "line": 13, "column": 0 },
        "end": { "line": 13, "column": 53 }
      },
      "13": {
        "start": { "line": 14, "column": 0 },
        "end": { "line": 14, "column": 5 }
      },
      "15": {
        "start": { "line": 16, "column": 0 },
        "end": { "line": 16, "column": 47 }
      },
      "16": {
        "start": { "line": 17, "column": 0 },
        "end": { "line": 17, "column": 24 }
      },
      "17": {
        "start": { "line": 18, "column": 0 },
        "end": { "line": 18, "column": 19 }
      },
      "18": {
        "start": { "line": 19, "column": 0 },
        "end": { "line": 19, "column": 49 }
      },
      "19": {
        "start": { "line": 20, "column": 0 },
        "end": { "line": 20, "column": 16 }
      },
      "20": {
        "start": { "line": 21, "column": 0 },
        "end": { "line": 21, "column": 3 }
      },
      "21": {
        "start": { "line": 22, "column": 0 },
        "end": { "line": 22, "column": 2 }
      }
    },
    "s": {
      "0": 0,
      "1": 0,
      "3": 0,
      "4": 0,
      "5": 0,
      "6": 0,
      "7": 0,
      "8": 0,
      "9": 0,
      "11": 0,
      "12": 0,
      "13": 0,
      "15": 0,
      "16": 0,
      "17": 0,
      "18": 0,
      "19": 0,
      "20": 0,
      "21": 0
    },
    "branchMap": {
      "0": {
        "type": "branch",
        "line": 1,
        "loc": {
          "start": { "line": 1, "column": 574 },
          "end": { "line": 22, "column": 2 }
        },
        "locations": [
          {
            "start": { "line": 1, "column": 574 },
            "end": { "line": 22, "column": 2 }
          }
        ]
      }
    },
    "b": { "0": [0] },
    "fnMap": {
      "0": {
        "name": "(empty-report)",
        "decl": {
          "start": { "line": 1, "column": 574 },
          "end": { "line": 22, "column": 2 }
        },
        "loc": {
          "start": { "line": 1, "column": 574 },
          "end": { "line": 22, "column": 2 }
        },
        "line": 1
      }
    },
    "f": { "0": 0 }
  },
  "/Users/georgesomerville/dev/code-tests/n-back-challange/n-back-challange/src/App.tsx": {
    "path": "/Users/georgesomerville/dev/code-tests/n-back-challange/n-back-challange/src/App.tsx",
    "all": false,
    "statementMap": {
      "0": {
        "start": { "line": 1, "column": 0 },
        "end": { "line": 1, "column": 33 }
      },
      "1": {
        "start": { "line": 2, "column": 0 },
        "end": { "line": 2, "column": 30 }
      },
      "2": {
        "start": { "line": 3, "column": 0 },
        "end": { "line": 3, "column": 38 }
      },
      "3": {
        "start": { "line": 4, "column": 0 },
        "end": { "line": 4, "column": 19 }
      },
      "5": {
        "start": { "line": 6, "column": 0 },
        "end": { "line": 6, "column": 16 }
      },
      "6": {
        "start": { "line": 7, "column": 0 },
        "end": { "line": 7, "column": 39 }
      },
      "7": {
        "start": { "line": 8, "column": 0 },
        "end": { "line": 8, "column": 56 }
      },
      "8": {
        "start": { "line": 9, "column": 0 },
        "end": { "line": 9, "column": 50 }
      },
      "9": {
        "start": { "line": 10, "column": 0 },
        "end": { "line": 10, "column": 53 }
      },
      "11": {
        "start": { "line": 12, "column": 0 },
        "end": { "line": 12, "column": 48 }
      },
      "12": {
        "start": { "line": 13, "column": 0 },
        "end": { "line": 13, "column": 23 }
      },
      "13": {
        "start": { "line": 14, "column": 0 },
        "end": { "line": 14, "column": 22 }
      },
      "14": {
        "start": { "line": 15, "column": 0 },
        "end": { "line": 15, "column": 4 }
      },
      "16": {
        "start": { "line": 17, "column": 0 },
        "end": { "line": 17, "column": 80 }
      },
      "17": {
        "start": { "line": 18, "column": 0 },
        "end": { "line": 18, "column": 26 }
      },
      "18": {
        "start": { "line": 19, "column": 0 },
        "end": { "line": 19, "column": 16 }
      },
      "19": {
        "start": { "line": 20, "column": 0 },
        "end": { "line": 20, "column": 19 }
      },
      "20": {
        "start": { "line": 21, "column": 0 },
        "end": { "line": 21, "column": 94 }
      },
      "21": {
        "start": { "line": 22, "column": 0 },
        "end": { "line": 22, "column": 6 }
      },
      "22": {
        "start": { "line": 23, "column": 0 },
        "end": { "line": 23, "column": 4 }
      },
      "24": {
        "start": { "line": 25, "column": 0 },
        "end": { "line": 25, "column": 33 }
      },
      "25": {
        "start": { "line": 26, "column": 0 },
        "end": { "line": 26, "column": 23 }
      },
      "26": {
        "start": { "line": 27, "column": 0 },
        "end": { "line": 27, "column": 25 }
      },
      "27": {
        "start": { "line": 28, "column": 0 },
        "end": { "line": 28, "column": 4 }
      },
      "29": {
        "start": { "line": 30, "column": 0 },
        "end": { "line": 30, "column": 29 }
      },
      "30": {
        "start": { "line": 31, "column": 0 },
        "end": { "line": 31, "column": 23 }
      },
      "31": {
        "start": { "line": 32, "column": 0 },
        "end": { "line": 32, "column": 16 }
      },
      "32": {
        "start": { "line": 33, "column": 0 },
        "end": { "line": 33, "column": 4 }
      },
      "36": {
        "start": { "line": 37, "column": 0 },
        "end": { "line": 37, "column": 10 }
      },
      "37": {
        "start": { "line": 38, "column": 0 },
        "end": { "line": 38, "column": 54 }
      },
      "38": {
        "start": { "line": 39, "column": 0 },
        "end": { "line": 39, "column": 31 }
      },
      "39": {
        "start": { "line": 40, "column": 0 },
        "end": { "line": 40, "column": 33 }
      },
      "40": {
        "start": { "line": 41, "column": 0 },
        "end": { "line": 41, "column": 15 }
      },
      "41": {
        "start": { "line": 42, "column": 0 },
        "end": { "line": 42, "column": 53 }
      },
      "42": {
        "start": { "line": 43, "column": 0 },
        "end": { "line": 43, "column": 76 }
      },
      "43": {
        "start": { "line": 44, "column": 0 },
        "end": { "line": 44, "column": 19 }
      },
      "44": {
        "start": { "line": 45, "column": 0 },
        "end": { "line": 45, "column": 24 }
      },
      "45": {
        "start": { "line": 46, "column": 0 },
        "end": { "line": 46, "column": 53 }
      },
      "46": {
        "start": { "line": 47, "column": 0 },
        "end": { "line": 47, "column": 64 }
      },
      "47": {
        "start": { "line": 48, "column": 0 },
        "end": { "line": 48, "column": 25 }
      },
      "48": {
        "start": { "line": 49, "column": 0 },
        "end": { "line": 49, "column": 48 }
      },
      "49": {
        "start": { "line": 50, "column": 0 },
        "end": { "line": 50, "column": 20 }
      },
      "50": {
        "start": { "line": 51, "column": 0 },
        "end": { "line": 51, "column": 22 }
      },
      "51": {
        "start": { "line": 52, "column": 0 },
        "end": { "line": 52, "column": 62 }
      },
      "53": {
        "start": { "line": 54, "column": 0 },
        "end": { "line": 54, "column": 19 }
      },
      "54": {
        "start": { "line": 55, "column": 0 },
        "end": { "line": 55, "column": 15 }
      },
      "56": {
        "start": { "line": 57, "column": 0 },
        "end": { "line": 57, "column": 39 }
      },
      "57": {
        "start": { "line": 58, "column": 0 },
        "end": { "line": 58, "column": 61 }
      },
      "59": {
        "start": { "line": 60, "column": 0 },
        "end": { "line": 60, "column": 66 }
      },
      "60": {
        "start": { "line": 61, "column": 0 },
        "end": { "line": 61, "column": 39 }
      },
      "61": {
        "start": { "line": 62, "column": 0 },
        "end": { "line": 62, "column": 10 }
      },
      "62": {
        "start": { "line": 63, "column": 0 },
        "end": { "line": 63, "column": 47 }
      },
      "63": {
        "start": { "line": 64, "column": 0 },
        "end": { "line": 64, "column": 71 }
      },
      "65": {
        "start": { "line": 66, "column": 0 },
        "end": { "line": 66, "column": 19 }
      },
      "66": {
        "start": { "line": 67, "column": 0 },
        "end": { "line": 67, "column": 11 }
      },
      "68": {
        "start": { "line": 69, "column": 0 },
        "end": { "line": 69, "column": 11 }
      },
      "70": {
        "start": { "line": 71, "column": 0 },
        "end": { "line": 71, "column": 1 }
      },
      "72": {
        "start": { "line": 73, "column": 0 },
        "end": { "line": 73, "column": 19 }
      }
    },
    "s": {
      "0": 1,
      "1": 1,
      "2": 1,
      "3": 1,
      "5": 18,
      "6": 18,
      "7": 18,
      "8": 18,
      "9": 18,
      "11": 18,
      "12": 4,
      "13": 4,
      "14": 4,
      "16": 18,
      "17": 2,
      "18": 2,
      "19": 2,
      "20": 2,
      "21": 2,
      "22": 2,
      "24": 18,
      "25": 3,
      "26": 3,
      "27": 3,
      "29": 18,
      "30": 0,
      "31": 0,
      "32": 0,
      "36": 18,
      "37": 18,
      "38": 18,
      "39": 18,
      "40": 18,
      "41": 18,
      "42": 9,
      "43": 9,
      "44": 9,
      "45": 9,
      "46": 9,
      "47": 9,
      "48": 9,
      "49": 9,
      "50": 9,
      "51": 9,
      "53": 9,
      "54": 9,
      "56": 18,
      "57": 3,
      "59": 18,
      "60": 18,
      "61": 2,
      "62": 2,
      "63": 2,
      "65": 2,
      "66": 2,
      "68": 18,
      "70": 18,
      "72": 1
    },
    "branchMap": {
      "0": {
        "type": "branch",
        "line": 6,
        "loc": {
          "start": { "line": 6, "column": 0 },
          "end": { "line": 71, "column": 1 }
        },
        "locations": [
          {
            "start": { "line": 6, "column": 0 },
            "end": { "line": 71, "column": 1 }
          }
        ]
      },
      "1": {
        "type": "branch",
        "line": 42,
        "loc": {
          "start": { "line": 42, "column": 8 },
          "end": { "line": 42, "column": 39 }
        },
        "locations": [
          {
            "start": { "line": 42, "column": 8 },
            "end": { "line": 42, "column": 39 }
          }
        ]
      },
      "2": {
        "type": "branch",
        "line": 42,
        "loc": {
          "start": { "line": 42, "column": 24 },
          "end": { "line": 42, "column": 53 }
        },
        "locations": [
          {
            "start": { "line": 42, "column": 24 },
            "end": { "line": 42, "column": 53 }
          }
        ]
      },
      "3": {
        "type": "branch",
        "line": 42,
        "loc": {
          "start": { "line": 42, "column": 40 },
          "end": { "line": 55, "column": 15 }
        },
        "locations": [
          {
            "start": { "line": 42, "column": 40 },
            "end": { "line": 55, "column": 15 }
          }
        ]
      },
      "4": {
        "type": "branch",
        "line": 57,
        "loc": {
          "start": { "line": 57, "column": 7 },
          "end": { "line": 57, "column": 39 }
        },
        "locations": [
          {
            "start": { "line": 57, "column": 7 },
            "end": { "line": 57, "column": 39 }
          }
        ]
      },
      "5": {
        "type": "branch",
        "line": 57,
        "loc": {
          "start": { "line": 57, "column": 23 },
          "end": { "line": 58, "column": 61 }
        },
        "locations": [
          {
            "start": { "line": 57, "column": 23 },
            "end": { "line": 58, "column": 61 }
          }
        ]
      },
      "6": {
        "type": "branch",
        "line": 60,
        "loc": {
          "start": { "line": 60, "column": 7 },
          "end": { "line": 60, "column": 66 }
        },
        "locations": [
          {
            "start": { "line": 60, "column": 7 },
            "end": { "line": 60, "column": 66 }
          }
        ]
      },
      "7": {
        "type": "branch",
        "line": 61,
        "loc": {
          "start": { "line": 61, "column": 8 },
          "end": { "line": 61, "column": 39 }
        },
        "locations": [
          {
            "start": { "line": 61, "column": 8 },
            "end": { "line": 61, "column": 39 }
          }
        ]
      },
      "8": {
        "type": "branch",
        "line": 61,
        "loc": {
          "start": { "line": 61, "column": 23 },
          "end": { "line": 67, "column": 11 }
        },
        "locations": [
          {
            "start": { "line": 61, "column": 23 },
            "end": { "line": 67, "column": 11 }
          }
        ]
      },
      "9": {
        "type": "branch",
        "line": 12,
        "loc": {
          "start": { "line": 12, "column": 23 },
          "end": { "line": 15, "column": 4 }
        },
        "locations": [
          {
            "start": { "line": 12, "column": 23 },
            "end": { "line": 15, "column": 4 }
          }
        ]
      },
      "10": {
        "type": "branch",
        "line": 17,
        "loc": {
          "start": { "line": 17, "column": 25 },
          "end": { "line": 23, "column": 4 }
        },
        "locations": [
          {
            "start": { "line": 17, "column": 25 },
            "end": { "line": 23, "column": 4 }
          }
        ]
      },
      "11": {
        "type": "branch",
        "line": 25,
        "loc": {
          "start": { "line": 25, "column": 26 },
          "end": { "line": 28, "column": 4 }
        },
        "locations": [
          {
            "start": { "line": 25, "column": 26 },
            "end": { "line": 28, "column": 4 }
          }
        ]
      },
      "12": {
        "type": "branch",
        "line": 46,
        "loc": {
          "start": { "line": 46, "column": 22 },
          "end": { "line": 46, "column": 53 }
        },
        "locations": [
          {
            "start": { "line": 46, "column": 22 },
            "end": { "line": 46, "column": 53 }
          }
        ]
      }
    },
    "b": {
      "0": [18],
      "1": [15],
      "2": [13],
      "3": [9],
      "4": [3],
      "5": [3],
      "6": [4],
      "7": [15],
      "8": [2],
      "9": [4],
      "10": [2],
      "11": [3],
      "12": [4]
    },
    "fnMap": {
      "0": {
        "name": "App",
        "decl": {
          "start": { "line": 6, "column": 0 },
          "end": { "line": 71, "column": 1 }
        },
        "loc": {
          "start": { "line": 6, "column": 0 },
          "end": { "line": 71, "column": 1 }
        },
        "line": 6
      },
      "1": {
        "name": "handleSubmit",
        "decl": {
          "start": { "line": 12, "column": 23 },
          "end": { "line": 15, "column": 4 }
        },
        "loc": {
          "start": { "line": 12, "column": 23 },
          "end": { "line": 15, "column": 4 }
        },
        "line": 12
      },
      "2": {
        "name": "handleGameOver",
        "decl": {
          "start": { "line": 17, "column": 25 },
          "end": { "line": 23, "column": 4 }
        },
        "loc": {
          "start": { "line": 17, "column": 25 },
          "end": { "line": 23, "column": 4 }
        },
        "line": 17
      },
      "3": {
        "name": "handleGameReady",
        "decl": {
          "start": { "line": 25, "column": 26 },
          "end": { "line": 28, "column": 4 }
        },
        "loc": {
          "start": { "line": 25, "column": 26 },
          "end": { "line": 28, "column": 4 }
        },
        "line": 25
      },
      "4": {
        "name": "handleReset",
        "decl": {
          "start": { "line": 30, "column": 22 },
          "end": { "line": 33, "column": 4 }
        },
        "loc": {
          "start": { "line": 30, "column": 22 },
          "end": { "line": 33, "column": 4 }
        },
        "line": 30
      },
      "5": {
        "name": "onChange",
        "decl": {
          "start": { "line": 46, "column": 22 },
          "end": { "line": 46, "column": 53 }
        },
        "loc": {
          "start": { "line": 46, "column": 22 },
          "end": { "line": 46, "column": 53 }
        },
        "line": 46
      }
    },
    "f": { "0": 18, "1": 4, "2": 2, "3": 3, "4": 0, "5": 4 }
  },
  "/Users/georgesomerville/dev/code-tests/n-back-challange/n-back-challange/src/Game.tsx": {
    "path": "/Users/georgesomerville/dev/code-tests/n-back-challange/n-back-challange/src/Game.tsx",
    "all": false,
    "statementMap": {
      "0": {
        "start": { "line": 1, "column": 0 },
        "end": { "line": 1, "column": 44 }
      },
      "7": {
        "start": { "line": 8, "column": 0 },
        "end": { "line": 8, "column": 63 }
      },
      "10": {
        "start": { "line": 11, "column": 0 },
        "end": { "line": 11, "column": 34 }
      },
      "11": {
        "start": { "line": 12, "column": 0 },
        "end": { "line": 12, "column": 66 }
      },
      "12": {
        "start": { "line": 13, "column": 0 },
        "end": { "line": 13, "column": 62 }
      },
      "13": {
        "start": { "line": 14, "column": 0 },
        "end": { "line": 14, "column": 58 }
      },
      "14": {
        "start": { "line": 15, "column": 0 },
        "end": { "line": 15, "column": 67 }
      },
      "15": {
        "start": { "line": 16, "column": 0 },
        "end": { "line": 16, "column": 54 }
      },
      "17": {
        "start": { "line": 18, "column": 0 },
        "end": { "line": 18, "column": 19 }
      },
      "18": {
        "start": { "line": 19, "column": 0 },
        "end": { "line": 19, "column": 40 }
      },
      "19": {
        "start": { "line": 20, "column": 0 },
        "end": { "line": 20, "column": 78 }
      },
      "20": {
        "start": { "line": 21, "column": 0 },
        "end": { "line": 21, "column": 57 }
      },
      "21": {
        "start": { "line": 22, "column": 0 },
        "end": { "line": 22, "column": 53 }
      },
      "22": {
        "start": { "line": 23, "column": 0 },
        "end": { "line": 23, "column": 7 }
      },
      "24": {
        "start": { "line": 25, "column": 0 },
        "end": { "line": 25, "column": 52 }
      },
      "25": {
        "start": { "line": 26, "column": 0 },
        "end": { "line": 26, "column": 27 }
      },
      "26": {
        "start": { "line": 27, "column": 0 },
        "end": { "line": 27, "column": 13 }
      },
      "27": {
        "start": { "line": 28, "column": 0 },
        "end": { "line": 28, "column": 41 }
      },
      "28": {
        "start": { "line": 29, "column": 0 },
        "end": { "line": 29, "column": 6 }
      },
      "29": {
        "start": { "line": 30, "column": 0 },
        "end": { "line": 30, "column": 19 }
      },
      "30": {
        "start": { "line": 31, "column": 0 },
        "end": { "line": 31, "column": 23 }
      },
      "31": {
        "start": { "line": 32, "column": 0 },
        "end": { "line": 32, "column": 19 }
      },
      "32": {
        "start": { "line": 33, "column": 0 },
        "end": { "line": 33, "column": 21 }
      },
      "33": {
        "start": { "line": 34, "column": 0 },
        "end": { "line": 34, "column": 19 }
      },
      "34": {
        "start": { "line": 35, "column": 0 },
        "end": { "line": 35, "column": 5 }
      },
      "36": {
        "start": { "line": 37, "column": 0 },
        "end": { "line": 37, "column": 29 }
      },
      "39": {
        "start": { "line": 40, "column": 0 },
        "end": { "line": 40, "column": 74 }
      },
      "41": {
        "start": { "line": 42, "column": 0 },
        "end": { "line": 42, "column": 44 }
      },
      "42": {
        "start": { "line": 43, "column": 0 },
        "end": { "line": 43, "column": 25 }
      },
      "46": {
        "start": { "line": 47, "column": 0 },
        "end": { "line": 47, "column": 12 }
      },
      "47": {
        "start": { "line": 48, "column": 0 },
        "end": { "line": 48, "column": 26 }
      },
      "48": {
        "start": { "line": 49, "column": 0 },
        "end": { "line": 49, "column": 48 }
      },
      "50": {
        "start": { "line": 51, "column": 0 },
        "end": { "line": 51, "column": 5 }
      },
      "51": {
        "start": { "line": 52, "column": 0 },
        "end": { "line": 52, "column": 24 }
      },
      "52": {
        "start": { "line": 53, "column": 0 },
        "end": { "line": 53, "column": 4 }
      },
      "54": {
        "start": { "line": 55, "column": 0 },
        "end": { "line": 55, "column": 77 }
      },
      "55": {
        "start": { "line": 56, "column": 0 },
        "end": { "line": 56, "column": 58 }
      },
      "57": {
        "start": { "line": 58, "column": 0 },
        "end": { "line": 58, "column": 10 }
      },
      "58": {
        "start": { "line": 59, "column": 0 },
        "end": { "line": 59, "column": 74 }
      },
      "59": {
        "start": { "line": 60, "column": 0 },
        "end": { "line": 60, "column": 78 }
      },
      "60": {
        "start": { "line": 61, "column": 0 },
        "end": { "line": 61, "column": 71 }
      },
      "62": {
        "start": { "line": 63, "column": 0 },
        "end": { "line": 63, "column": 72 }
      },
      "63": {
        "start": { "line": 64, "column": 0 },
        "end": { "line": 64, "column": 100 }
      },
      "64": {
        "start": { "line": 65, "column": 0 },
        "end": { "line": 65, "column": 14 }
      },
      "66": {
        "start": { "line": 67, "column": 0 },
        "end": { "line": 67, "column": 2 }
      }
    },
    "s": {
      "0": 1,
      "7": 1,
      "10": 14,
      "11": 14,
      "12": 14,
      "13": 14,
      "14": 14,
      "15": 14,
      "17": 14,
      "18": 14,
      "19": 12,
      "20": 2,
      "21": 2,
      "22": 2,
      "24": 12,
      "25": 12,
      "26": 14,
      "27": 14,
      "28": 14,
      "29": 14,
      "30": 14,
      "31": 14,
      "32": 14,
      "33": 14,
      "34": 14,
      "36": 14,
      "39": 4,
      "41": 2,
      "42": 2,
      "46": 2,
      "47": 2,
      "48": 2,
      "50": 2,
      "51": 4,
      "52": 4,
      "54": 14,
      "55": 14,
      "57": 14,
      "58": 14,
      "59": 14,
      "60": 14,
      "62": 14,
      "63": 14,
      "64": 14,
      "66": 14
    },
    "branchMap": {
      "0": {
        "type": "branch",
        "line": 8,
        "loc": {
          "start": { "line": 8, "column": 20 },
          "end": { "line": 67, "column": 2 }
        },
        "locations": [
          {
            "start": { "line": 8, "column": 20 },
            "end": { "line": 67, "column": 2 }
          }
        ]
      },
      "1": {
        "type": "branch",
        "line": 56,
        "loc": {
          "start": { "line": 56, "column": 31 },
          "end": { "line": 56, "column": 58 }
        },
        "locations": [
          {
            "start": { "line": 56, "column": 31 },
            "end": { "line": 56, "column": 58 }
          }
        ]
      },
      "2": {
        "type": "branch",
        "line": 63,
        "loc": {
          "start": { "line": 63, "column": 7 },
          "end": { "line": 63, "column": 72 }
        },
        "locations": [
          {
            "start": { "line": 63, "column": 7 },
            "end": { "line": 63, "column": 72 }
          }
        ]
      },
      "3": {
        "type": "branch",
        "line": 63,
        "loc": {
          "start": { "line": 63, "column": 27 },
          "end": { "line": 63, "column": 52 }
        },
        "locations": [
          {
            "start": { "line": 63, "column": 27 },
            "end": { "line": 63, "column": 52 }
          }
        ]
      },
      "4": {
        "type": "branch",
        "line": 63,
        "loc": {
          "start": { "line": 63, "column": 39 },
          "end": { "line": 63, "column": 65 }
        },
        "locations": [
          {
            "start": { "line": 63, "column": 39 },
            "end": { "line": 63, "column": 65 }
          }
        ]
      },
      "5": {
        "type": "branch",
        "line": 64,
        "loc": {
          "start": { "line": 64, "column": 7 },
          "end": { "line": 64, "column": 100 }
        },
        "locations": [
          {
            "start": { "line": 64, "column": 7 },
            "end": { "line": 64, "column": 100 }
          }
        ]
      },
      "6": {
        "type": "branch",
        "line": 18,
        "loc": {
          "start": { "line": 18, "column": 12 },
          "end": { "line": 29, "column": 5 }
        },
        "locations": [
          {
            "start": { "line": 18, "column": 12 },
            "end": { "line": 29, "column": 5 }
          }
        ]
      },
      "7": {
        "type": "branch",
        "line": 19,
        "loc": {
          "start": { "line": 19, "column": 33 },
          "end": { "line": 27, "column": 7 }
        },
        "locations": [
          {
            "start": { "line": 19, "column": 33 },
            "end": { "line": 27, "column": 7 }
          }
        ]
      },
      "8": {
        "type": "branch",
        "line": 20,
        "loc": {
          "start": { "line": 20, "column": 50 },
          "end": { "line": 20, "column": 77 }
        },
        "locations": [
          {
            "start": { "line": 20, "column": 50 },
            "end": { "line": 20, "column": 77 }
          }
        ]
      },
      "9": {
        "type": "branch",
        "line": 20,
        "loc": {
          "start": { "line": 20, "column": 77 },
          "end": { "line": 23, "column": 7 }
        },
        "locations": [
          {
            "start": { "line": 20, "column": 77 },
            "end": { "line": 23, "column": 7 }
          }
        ]
      },
      "10": {
        "type": "branch",
        "line": 28,
        "loc": {
          "start": { "line": 28, "column": 11 },
          "end": { "line": 28, "column": 41 }
        },
        "locations": [
          {
            "start": { "line": 28, "column": 11 },
            "end": { "line": 28, "column": 41 }
          }
        ]
      },
      "11": {
        "type": "branch",
        "line": 37,
        "loc": {
          "start": { "line": 37, "column": 22 },
          "end": { "line": 53, "column": 4 }
        },
        "locations": [
          {
            "start": { "line": 37, "column": 22 },
            "end": { "line": 53, "column": 4 }
          }
        ]
      },
      "12": {
        "type": "branch",
        "line": 40,
        "loc": {
          "start": { "line": 40, "column": 73 },
          "end": { "line": 51, "column": 5 }
        },
        "locations": [
          {
            "start": { "line": 40, "column": 73 },
            "end": { "line": 51, "column": 5 }
          }
        ]
      }
    },
    "b": {
      "0": [14],
      "1": [9],
      "2": [4],
      "3": [2],
      "4": [2],
      "5": [5],
      "6": [14],
      "7": [12],
      "8": [10],
      "9": [2],
      "10": [14],
      "11": [4],
      "12": [2]
    },
    "fnMap": {
      "0": {
        "name": "Game",
        "decl": {
          "start": { "line": 8, "column": 20 },
          "end": { "line": 67, "column": 2 }
        },
        "loc": {
          "start": { "line": 8, "column": 20 },
          "end": { "line": 67, "column": 2 }
        },
        "line": 8
      },
      "1": {
        "name": "handleGuess",
        "decl": {
          "start": { "line": 37, "column": 22 },
          "end": { "line": 53, "column": 4 }
        },
        "loc": {
          "start": { "line": 37, "column": 22 },
          "end": { "line": 53, "column": 4 }
        },
        "line": 37
      }
    },
    "f": { "0": 14, "1": 4 }
  },
  "/Users/georgesomerville/dev/code-tests/n-back-challange/n-back-challange/src/GetReady.tsx": {
    "path": "/Users/georgesomerville/dev/code-tests/n-back-challange/n-back-challange/src/GetReady.tsx",
    "all": false,
    "statementMap": {
      "0": {
        "start": { "line": 1, "column": 0 },
        "end": { "line": 1, "column": 44 }
      },
      "6": {
        "start": { "line": 7, "column": 0 },
        "end": { "line": 7, "column": 75 }
      },
      "7": {
        "start": { "line": 8, "column": 0 },
        "end": { "line": 8, "column": 48 }
      },
      "9": {
        "start": { "line": 10, "column": 0 },
        "end": { "line": 10, "column": 19 }
      },
      "10": {
        "start": { "line": 11, "column": 0 },
        "end": { "line": 11, "column": 37 }
      },
      "11": {
        "start": { "line": 12, "column": 0 },
        "end": { "line": 12, "column": 39 }
      },
      "12": {
        "start": { "line": 13, "column": 0 },
        "end": { "line": 13, "column": 13 }
      },
      "14": {
        "start": { "line": 15, "column": 0 },
        "end": { "line": 15, "column": 26 }
      },
      "15": {
        "start": { "line": 16, "column": 0 },
        "end": { "line": 16, "column": 27 }
      },
      "16": {
        "start": { "line": 17, "column": 0 },
        "end": { "line": 17, "column": 24 }
      },
      "17": {
        "start": { "line": 18, "column": 0 },
        "end": { "line": 18, "column": 5 }
      },
      "19": {
        "start": { "line": 20, "column": 0 },
        "end": { "line": 20, "column": 38 }
      },
      "20": {
        "start": { "line": 21, "column": 0 },
        "end": { "line": 21, "column": 35 }
      },
      "22": {
        "start": { "line": 23, "column": 0 },
        "end": { "line": 23, "column": 10 }
      },
      "23": {
        "start": { "line": 24, "column": 0 },
        "end": { "line": 24, "column": 26 }
      },
      "24": {
        "start": { "line": 25, "column": 0 },
        "end": { "line": 25, "column": 46 }
      },
      "25": {
        "start": { "line": 26, "column": 0 },
        "end": { "line": 26, "column": 26 }
      },
      "28": {
        "start": { "line": 29, "column": 0 },
        "end": { "line": 29, "column": 10 }
      },
      "29": {
        "start": { "line": 30, "column": 0 },
        "end": { "line": 30, "column": 24 }
      },
      "30": {
        "start": { "line": 31, "column": 0 },
        "end": { "line": 31, "column": 10 }
      },
      "32": {
        "start": { "line": 33, "column": 0 },
        "end": { "line": 33, "column": 2 }
      }
    },
    "s": {
      "0": 1,
      "6": 1,
      "7": 9,
      "9": 9,
      "10": 9,
      "11": 9,
      "12": 9,
      "14": 9,
      "15": 3,
      "16": 3,
      "17": 3,
      "19": 9,
      "20": 9,
      "22": 9,
      "23": 9,
      "24": 9,
      "25": 9,
      "28": 9,
      "29": 9,
      "30": 9,
      "32": 9
    },
    "branchMap": {
      "0": {
        "type": "branch",
        "line": 7,
        "loc": {
          "start": { "line": 7, "column": 49 },
          "end": { "line": 33, "column": 2 }
        },
        "locations": [
          {
            "start": { "line": 7, "column": 49 },
            "end": { "line": 33, "column": 2 }
          }
        ]
      },
      "1": {
        "type": "branch",
        "line": 10,
        "loc": {
          "start": { "line": 10, "column": 12 },
          "end": { "line": 21, "column": 5 }
        },
        "locations": [
          {
            "start": { "line": 10, "column": 12 },
            "end": { "line": 21, "column": 5 }
          }
        ]
      },
      "2": {
        "type": "branch",
        "line": 15,
        "loc": {
          "start": { "line": 15, "column": 25 },
          "end": { "line": 18, "column": 5 }
        },
        "locations": [
          {
            "start": { "line": 15, "column": 25 },
            "end": { "line": 18, "column": 5 }
          }
        ]
      },
      "3": {
        "type": "branch",
        "line": 11,
        "loc": {
          "start": { "line": 11, "column": 30 },
          "end": { "line": 13, "column": 7 }
        },
        "locations": [
          {
            "start": { "line": 11, "column": 30 },
            "end": { "line": 13, "column": 7 }
          }
        ]
      },
      "4": {
        "type": "branch",
        "line": 12,
        "loc": {
          "start": { "line": 12, "column": 19 },
          "end": { "line": 12, "column": 37 }
        },
        "locations": [
          {
            "start": { "line": 12, "column": 19 },
            "end": { "line": 12, "column": 37 }
          }
        ]
      },
      "5": {
        "type": "branch",
        "line": 20,
        "loc": {
          "start": { "line": 20, "column": 11 },
          "end": { "line": 20, "column": 38 }
        },
        "locations": [
          {
            "start": { "line": 20, "column": 11 },
            "end": { "line": 20, "column": 38 }
          }
        ]
      }
    },
    "b": { "0": [9], "1": [9], "2": [3], "3": [9], "4": [9], "5": [9] },
    "fnMap": {
      "0": {
        "name": "GetReady",
        "decl": {
          "start": { "line": 7, "column": 49 },
          "end": { "line": 33, "column": 2 }
        },
        "loc": {
          "start": { "line": 7, "column": 49 },
          "end": { "line": 33, "column": 2 }
        },
        "line": 7
      }
    },
    "f": { "0": 9 }
  },
  "/Users/georgesomerville/dev/code-tests/n-back-challange/n-back-challange/src/main.tsx": {
    "path": "/Users/georgesomerville/dev/code-tests/n-back-challange/n-back-challange/src/main.tsx",
    "all": true,
    "statementMap": {
      "0": {
        "start": { "line": 1, "column": 0 },
        "end": { "line": 1, "column": 35 }
      },
      "1": {
        "start": { "line": 2, "column": 0 },
        "end": { "line": 2, "column": 46 }
      },
      "2": {
        "start": { "line": 3, "column": 0 },
        "end": { "line": 3, "column": 21 }
      },
      "3": {
        "start": { "line": 4, "column": 0 },
        "end": { "line": 4, "column": 28 }
      },
      "5": {
        "start": { "line": 6, "column": 0 },
        "end": { "line": 6, "column": 52 }
      },
      "6": {
        "start": { "line": 7, "column": 0 },
        "end": { "line": 7, "column": 14 }
      },
      "7": {
        "start": { "line": 8, "column": 0 },
        "end": { "line": 8, "column": 11 }
      },
      "8": {
        "start": { "line": 9, "column": 0 },
        "end": { "line": 9, "column": 16 }
      },
      "9": {
        "start": { "line": 10, "column": 0 },
        "end": { "line": 10, "column": 2 }
      }
    },
    "s": {
      "0": 0,
      "1": 0,
      "2": 0,
      "3": 0,
      "5": 0,
      "6": 0,
      "7": 0,
      "8": 0,
      "9": 0
    },
    "branchMap": {
      "0": {
        "type": "branch",
        "line": 1,
        "loc": {
          "start": { "line": 1, "column": 234 },
          "end": { "line": 10, "column": 2 }
        },
        "locations": [
          {
            "start": { "line": 1, "column": 234 },
            "end": { "line": 10, "column": 2 }
          }
        ]
      }
    },
    "b": { "0": [0] },
    "fnMap": {
      "0": {
        "name": "(empty-report)",
        "decl": {
          "start": { "line": 1, "column": 234 },
          "end": { "line": 10, "column": 2 }
        },
        "loc": {
          "start": { "line": 1, "column": 234 },
          "end": { "line": 10, "column": 2 }
        },
        "line": 1
      }
    },
    "f": { "0": 0 }
  }
}
